<?xml version="1.0" encoding="UTF-8"?>
<testsuite xmlns:xsi="http://www.w3.org/2001/XMLSchema-instance" xsi:noNamespaceSchemaLocation="https://maven.apache.org/surefire/maven-surefire-plugin/xsd/surefire-test-report-3.0.xsd" version="3.0" name="Entornos.entornos1.Proyecto.PedidoTest" time="0.356" tests="36" errors="0" skipped="0" failures="0">
  <properties>
[...]
</properties>
  <testcase name="testClienteSetPedidos" classname="Entornos.entornos1.Proyecto.PedidoTest" time="0.048"/>
  <testcase name="testClienteSetters" classname="Entornos.entornos1.Proyecto.PedidoTest" time="0.003"/>
  <testcase name="testProductoPrecioNegativo" classname="Entornos.entornos1.Proyecto.PedidoTest" time="0.002"/>
  <testcase name="testProductoFisicoToStringYGetter" classname="Entornos.entornos1.Proyecto.PedidoTest" time="0.012"/>
  <testcase name="testClienteAgregarPedido" classname="Entornos.entornos1.Proyecto.PedidoTest" time="0.001"/>
  <testcase name="testProductosGetters" classname="Entornos.entornos1.Proyecto.PedidoTest" time="0.001"/>
  <testcase name="testCalcularTotalParametrizado(double, double, double, double, double)[1]" classname="Entornos.entornos1.Proyecto.PedidoTest" time="0.039"/>
  <testcase name="testCalcularTotalParametrizado(double, double, double, double, double)[2]" classname="Entornos.entornos1.Proyecto.PedidoTest" time="0.001"/>
  <testcase name="testCalcularTotalParametrizado(double, double, double, double, double)[3]" classname="Entornos.entornos1.Proyecto.PedidoTest" time="0.001"/>
  <testcase name="testPedidoUnSoloProducto" classname="Entornos.entornos1.Proyecto.PedidoTest" time="0.0"/>
  <testcase name="testPedidoMostrarResumenVariosProductos" classname="Entornos.entornos1.Proyecto.PedidoTest" time="0.015">
    <system-out><![CDATA[ID del Pedido PED7
Fecha: 2026-06-03
Cliente: C 8- Ivan  (ivan@test.com) -Calle 1
Productos:
- PROD10- Raton Físico. Precio Final: 22.0(Coste de envío: 2.0)
- PROD11- eBook Digital. Precio Final: 54.45
Importe total: 76.45
La compra ha sido completada con éxito.
]]></system-out>
  </testcase>
  <testcase name="testProductoDigitalIVAyDescuento" classname="Entornos.entornos1.Proyecto.PedidoTest" time="0.001"/>
  <testcase name="testProductoFisicoCosteEnvio" classname="Entornos.entornos1.Proyecto.PedidoTest" time="0.0"/>
  <testcase name="testPedidoVacioLanzaExcepcion" classname="Entornos.entornos1.Proyecto.PedidoTest" time="0.002"/>
  <testcase name="testPedidoGettersYSetters" classname="Entornos.entornos1.Proyecto.PedidoTest" time="0.001"/>
  <testcase name="testClienteGettersYToString" classname="Entornos.entornos1.Proyecto.PedidoTest" time="0.0"/>
  <testcase name="testProductoDigitalToStringYGetter" classname="Entornos.entornos1.Proyecto.PedidoTest" time="0.001"/>
  <testcase name="testPedidoCalculaTotalConProductosMixtos" classname="Entornos.entornos1.Proyecto.PedidoTest" time="0.001"/>
  <testcase name="testProductosSetters" classname="Entornos.entornos1.Proyecto.PedidoTest" time="0.0"/>
  <testcase name="testPedidoMostrarResumen" classname="Entornos.entornos1.Proyecto.PedidoTest" time="0.002">
    <system-out><![CDATA[ID del Pedido PED11
Fecha: 2026-06-03
Cliente: C 13- Ivan  (ivan@test.com) -Calle 1
Productos:
- PROD18- Raton Físico. Precio Final: 22.0(Coste de envío: 2.0)
Importe total: 22.0
La compra ha sido completada con éxito.
]]></system-out>
  </testcase>
  <testcase name="testProductosSetPrecioNegativo" classname="Entornos.entornos1.Proyecto.PedidoTest" time="0.002"/>
  <testcase name="testProductoFisicoPrecioFinalDistinto" classname="Entornos.entornos1.Proyecto.PedidoTest" time="0.002"/>
  <testcase name="testProductoDigitalParametrizado(double, double)[1]" classname="Entornos.entornos1.Proyecto.PedidoTest" time="0.001"/>
  <testcase name="testProductoDigitalParametrizado(double, double)[2]" classname="Entornos.entornos1.Proyecto.PedidoTest" time="0.0"/>
  <testcase name="testProductoDigitalParametrizado(double, double)[3]" classname="Entornos.entornos1.Proyecto.PedidoTest" time="0.002"/>
  <testcase name="testProductoDigitalParametrizado(double, double)[4]" classname="Entornos.entornos1.Proyecto.PedidoTest" time="0.001"/>
  <testcase name="testProductoDigitalParametrizado(double, double)[5]" classname="Entornos.entornos1.Proyecto.PedidoTest" time="0.001"/>
  <testcase name="testProductoFisicoSetter" classname="Entornos.entornos1.Proyecto.PedidoTest" time="0.001"/>
  <testcase name="testProductoDigitalPrecioCero" classname="Entornos.entornos1.Proyecto.PedidoTest" time="0.0"/>
  <testcase name="testPedidoTotalNoEsCero" classname="Entornos.entornos1.Proyecto.PedidoTest" time="0.0"/>
  <testcase name="testProductoDigitalSetter" classname="Entornos.entornos1.Proyecto.PedidoTest" time="0.0"/>
  <testcase name="testProductoFisicoParametrizado(double, double, double)[1]" classname="Entornos.entornos1.Proyecto.PedidoTest" time="0.001"/>
  <testcase name="testProductoFisicoParametrizado(double, double, double)[2]" classname="Entornos.entornos1.Proyecto.PedidoTest" time="0.001"/>
  <testcase name="testProductoFisicoParametrizado(double, double, double)[3]" classname="Entornos.entornos1.Proyecto.PedidoTest" time="0.001"/>
  <testcase name="testProductoFisicoParametrizado(double, double, double)[4]" classname="Entornos.entornos1.Proyecto.PedidoTest" time="0.002"/>
  <testcase name="testProductoDigitalPrecioFinalDistinto" classname="Entornos.entornos1.Proyecto.PedidoTest" time="0.001"/>
</testsuite>